<?xml version="1.0" encoding="UTF-8"?>
<coverage generated="1752837804203" clover="3.2.0">
  <project timestamp="1752837804203" name="All files">
    <metrics statements="74" coveredstatements="59" conditionals="23" coveredconditionals="22" methods="31" coveredmethods="25" elements="128" coveredelements="106" complexity="0" loc="74" ncloc="74" packages="2" files="7" classes="7"/>
    <package name="src">
      <metrics statements="61" coveredstatements="50" conditionals="21" coveredconditionals="21" methods="21" coveredmethods="19"/>
      <file name="App.tsx" path="C:\Users\chiru\Desktop\Anu\REACTJS\Projects\RSAPPProjects\rsreactapp\rsreactapp\rs-react-app\src\App.tsx">
        <metrics statements="5" coveredstatements="0" conditionals="0" coveredconditionals="0" methods="1" coveredmethods="0"/>
        <line num="1" count="0" type="stmt"/>
        <line num="2" count="0" type="stmt"/>
        <line num="3" count="0" type="stmt"/>
        <line num="6" count="0" type="stmt"/>
        <line num="17" count="0" type="stmt"/>
      </file>
      <file name="ErrorBoundary.tsx" path="C:\Users\chiru\Desktop\Anu\REACTJS\Projects\RSAPPProjects\rsreactapp\rsreactapp\rs-react-app\src\ErrorBoundary.tsx">
        <metrics statements="10" coveredstatements="9" conditionals="2" coveredconditionals="2" methods="5" coveredmethods="4"/>
        <line num="1" count="1" type="stmt"/>
        <line num="11" count="7" type="stmt"/>
        <line num="12" count="6" type="stmt"/>
        <line num="15" count="6" type="stmt"/>
        <line num="18" count="3" type="stmt"/>
        <line num="21" count="12" type="cond" truecount="2" falsecount="0"/>
        <line num="22" count="6" type="stmt"/>
        <line num="26" count="0" type="stmt"/>
        <line num="30" count="6" type="stmt"/>
        <line num="33" count="1" type="stmt"/>
      </file>
      <file name="Search.tsx" path="C:\Users\chiru\Desktop\Anu\REACTJS\Projects\RSAPPProjects\rsreactapp\rsreactapp\rs-react-app\src\Search.tsx">
        <metrics statements="19" coveredstatements="19" conditionals="2" coveredconditionals="2" methods="5" coveredmethods="5"/>
        <line num="1" count="2" type="stmt"/>
        <line num="2" count="2" type="stmt"/>
        <line num="3" count="2" type="stmt"/>
        <line num="11" count="7" type="stmt"/>
        <line num="12" count="7" type="stmt"/>
        <line num="18" count="7" type="stmt"/>
        <line num="19" count="7" type="cond" truecount="2" falsecount="0"/>
        <line num="20" count="3" type="stmt"/>
        <line num="23" count="7" type="stmt"/>
        <line num="24" count="3" type="stmt"/>
        <line num="25" count="3" type="stmt"/>
        <line num="26" count="3" type="stmt"/>
        <line num="29" count="7" type="stmt"/>
        <line num="30" count="2" type="stmt"/>
        <line num="31" count="2" type="stmt"/>
        <line num="32" count="2" type="stmt"/>
        <line num="33" count="2" type="stmt"/>
        <line num="37" count="15" type="stmt"/>
        <line num="56" count="2" type="stmt"/>
      </file>
      <file name="SearchResults.tsx" path="C:\Users\chiru\Desktop\Anu\REACTJS\Projects\RSAPPProjects\rsreactapp\rsreactapp\rs-react-app\src\SearchResults.tsx">
        <metrics statements="22" coveredstatements="22" conditionals="17" coveredconditionals="17" methods="10" coveredmethods="10"/>
        <line num="1" count="3" type="stmt"/>
        <line num="15" count="22" type="stmt"/>
        <line num="16" count="22" type="stmt"/>
        <line num="24" count="22" type="stmt"/>
        <line num="28" count="41" type="cond" truecount="2" falsecount="0"/>
        <line num="29" count="5" type="stmt"/>
        <line num="33" count="22" type="stmt"/>
        <line num="34" count="27" type="cond" truecount="2" falsecount="0"/>
        <line num="36" count="20" type="stmt"/>
        <line num="38" count="20" type="stmt"/>
        <line num="40" count="20" type="stmt"/>
        <line num="41" count="18" type="stmt"/>
        <line num="43" count="18" type="cond" truecount="4" falsecount="0"/>
        <line num="44" count="10" type="stmt"/>
        <line num="49" count="4" type="stmt"/>
        <line num="55" count="14" type="stmt"/>
        <line num="63" count="2" type="stmt"/>
        <line num="64" count="2" type="stmt"/>
        <line num="73" count="63" type="stmt"/>
        <line num="75" count="63" type="stmt"/>
        <line num="91" count="10" type="stmt"/>
        <line num="104" count="3" type="stmt"/>
      </file>
      <file name="main.tsx" path="C:\Users\chiru\Desktop\Anu\REACTJS\Projects\RSAPPProjects\rsreactapp\rsreactapp\rs-react-app\src\main.tsx">
        <metrics statements="5" coveredstatements="0" conditionals="0" coveredconditionals="0" methods="0" coveredmethods="0"/>
        <line num="1" count="0" type="stmt"/>
        <line num="2" count="0" type="stmt"/>
        <line num="3" count="0" type="stmt"/>
        <line num="4" count="0" type="stmt"/>
        <line num="6" count="0" type="stmt"/>
      </file>
    </package>
    <package name="src.test-utils">
      <metrics statements="13" coveredstatements="9" conditionals="2" coveredconditionals="1" methods="10" coveredmethods="6"/>
      <file name="mockFetch.tsx" path="C:\Users\chiru\Desktop\Anu\REACTJS\Projects\RSAPPProjects\rsreactapp\rsreactapp\rs-react-app\src\test-utils\mockFetch.tsx">
        <metrics statements="7" coveredstatements="7" conditionals="1" coveredconditionals="1" methods="5" coveredmethods="5"/>
        <line num="1" count="3" type="cond" truecount="1" falsecount="0"/>
        <line num="2" count="1" type="stmt"/>
        <line num="3" count="1" type="stmt"/>
        <line num="7" count="3" type="stmt"/>
        <line num="8" count="8" type="stmt"/>
        <line num="9" count="12" type="stmt"/>
        <line num="10" count="12" type="stmt"/>
      </file>
      <file name="mockFetchPromise.tsx" path="C:\Users\chiru\Desktop\Anu\REACTJS\Projects\RSAPPProjects\rsreactapp\rsreactapp\rs-react-app\src\test-utils\mockFetchPromise.tsx">
        <metrics statements="6" coveredstatements="2" conditionals="1" coveredconditionals="0" methods="5" coveredmethods="1"/>
        <line num="1" count="2" type="cond" truecount="0" falsecount="1"/>
        <line num="2" count="2" type="stmt"/>
        <line num="4" count="0" type="stmt"/>
        <line num="5" count="0" type="stmt"/>
        <line num="7" count="0" type="stmt"/>
        <line num="8" count="0" type="stmt"/>
      </file>
    </package>
  </project>
</coverage>
