{"C:\\Users\\chiru\\Desktop\\Anu\\REACTJS\\Projects\\RSAPPProjects\\rsreactapp\\rsreactapp\\rs-react-app\\src\\App.tsx": {"path":"C:\\Users\\chiru\\Desktop\\Anu\\REACTJS\\Projects\\RSAPPProjects\\rsreactapp\\rsreactapp\\rs-react-app\\src\\App.tsx","statementMap":{"0":{"start":{"line":1,"column":0},"end":{"line":1,"column":19}},"1":{"start":{"line":2,"column":0},"end":{"line":2,"column":30}},"2":{"start":{"line":3,"column":0},"end":{"line":3,"column":44}},"3":{"start":{"line":6,"column":2},"end":{"line":14,"column":4}},"4":{"start":{"line":17,"column":0},"end":{"line":17,"column":19}}},"fnMap":{"0":{"name":"App","decl":{"start":{"line":5,"column":9},"end":{"line":5,"column":12}},"loc":{"start":{"line":5,"column":12},"end":{"line":15,"column":1}}}},"branchMap":{},"s":{"0":0,"1":0,"2":0,"3":0,"4":0},"f":{"0":0},"b":{}}
,"C:\\Users\\chiru\\Desktop\\Anu\\REACTJS\\Projects\\RSAPPProjects\\rsreactapp\\rsreactapp\\rs-react-app\\src\\ErrorBoundary.tsx": {"path":"C:\\Users\\chiru\\Desktop\\Anu\\REACTJS\\Projects\\RSAPPProjects\\rsreactapp\\rsreactapp\\rs-react-app\\src\\ErrorBoundary.tsx","statementMap":{"0":{"start":{"line":1,"column":0},"end":{"line":1,"column":66}},"1":{"start":{"line":11,"column":4},"end":{"line":11,"column":17}},"2":{"start":{"line":12,"column":4},"end":{"line":12,"column":55}},"3":{"start":{"line":15,"column":4},"end":{"line":15,"column":59}},"4":{"start":{"line":18,"column":4},"end":{"line":18,"column":70}},"5":{"start":{"line":21,"column":4},"end":{"line":29,"column":5}},"6":{"start":{"line":22,"column":6},"end":{"line":28,"column":8}},"7":{"start":{"line":26,"column":33},"end":{"line":26,"column":57}},"8":{"start":{"line":30,"column":4},"end":{"line":30,"column":31}},"9":{"start":{"line":33,"column":0},"end":{"line":33,"column":29}}},"fnMap":{"0":{"name":"(anonymous_0)","decl":{"start":{"line":10,"column":2},"end":{"line":10,"column":14}},"loc":{"start":{"line":10,"column":26},"end":{"line":13,"column":3}}},"1":{"name":"(anonymous_1)","decl":{"start":{"line":14,"column":2},"end":{"line":14,"column":8}},"loc":{"start":{"line":14,"column":46},"end":{"line":16,"column":3}}},"2":{"name":"(anonymous_2)","decl":{"start":{"line":17,"column":2},"end":{"line":17,"column":19}},"loc":{"start":{"line":17,"column":54},"end":{"line":19,"column":3}}},"3":{"name":"(anonymous_3)","decl":{"start":{"line":20,"column":2},"end":{"line":20,"column":8}},"loc":{"start":{"line":20,"column":8},"end":{"line":31,"column":3}}},"4":{"name":"(anonymous_4)","decl":{"start":{"line":26,"column":27},"end":{"line":26,"column":30}},"loc":{"start":{"line":26,"column":33},"end":{"line":26,"column":57}}}},"branchMap":{"0":{"loc":{"start":{"line":21,"column":4},"end":{"line":29,"column":5}},"type":"if","locations":[{"start":{"line":21,"column":4},"end":{"line":29,"column":5}},{"start":{},"end":{}}]}},"s":{"0":1,"1":7,"2":6,"3":6,"4":3,"5":12,"6":6,"7":0,"8":6,"9":1},"f":{"0":7,"1":6,"2":3,"3":12,"4":0},"b":{"0":[6,6]}}
,"C:\\Users\\chiru\\Desktop\\Anu\\REACTJS\\Projects\\RSAPPProjects\\rsreactapp\\rsreactapp\\rs-react-app\\src\\Search.tsx": {"path":"C:\\Users\\chiru\\Desktop\\Anu\\REACTJS\\Projects\\RSAPPProjects\\rsreactapp\\rsreactapp\\rs-react-app\\src\\Search.tsx","statementMap":{"0":{"start":{"line":1,"column":0},"end":{"line":1,"column":68}},"1":{"start":{"line":2,"column":0},"end":{"line":2,"column":44}},"2":{"start":{"line":3,"column":0},"end":{"line":3,"column":22}},"3":{"start":{"line":11,"column":4},"end":{"line":11,"column":17}},"4":{"start":{"line":12,"column":4},"end":{"line":15,"column":6}},"5":{"start":{"line":18,"column":24},"end":{"line":18,"column":58}},"6":{"start":{"line":19,"column":4},"end":{"line":21,"column":5}},"7":{"start":{"line":20,"column":6},"end":{"line":20,"column":76}},"8":{"start":{"line":23,"column":22},"end":{"line":27,"column":3}},"9":{"start":{"line":24,"column":21},"end":{"line":24,"column":35}},"10":{"start":{"line":25,"column":4},"end":{"line":25,"column":43}},"11":{"start":{"line":26,"column":4},"end":{"line":26,"column":49}},"12":{"start":{"line":29,"column":17},"end":{"line":34,"column":3}},"13":{"start":{"line":30,"column":4},"end":{"line":30,"column":23}},"14":{"start":{"line":31,"column":4},"end":{"line":31,"column":59}},"15":{"start":{"line":32,"column":4},"end":{"line":32,"column":63}},"16":{"start":{"line":33,"column":4},"end":{"line":33,"column":61}},"17":{"start":{"line":37,"column":4},"end":{"line":52,"column":6}},"18":{"start":{"line":56,"column":0},"end":{"line":56,"column":22}}},"fnMap":{"0":{"name":"(anonymous_1)","decl":{"start":{"line":10,"column":2},"end":{"line":10,"column":14}},"loc":{"start":{"line":10,"column":28},"end":{"line":16,"column":3}}},"1":{"name":"(anonymous_2)","decl":{"start":{"line":17,"column":2},"end":{"line":17,"column":19}},"loc":{"start":{"line":17,"column":19},"end":{"line":22,"column":3}}},"2":{"name":"(anonymous_3)","decl":{"start":{"line":23,"column":22},"end":{"line":23,"column":23}},"loc":{"start":{"line":23,"column":59},"end":{"line":27,"column":3}}},"3":{"name":"(anonymous_4)","decl":{"start":{"line":29,"column":17},"end":{"line":29,"column":18}},"loc":{"start":{"line":29,"column":51},"end":{"line":34,"column":3}}},"4":{"name":"(anonymous_5)","decl":{"start":{"line":36,"column":2},"end":{"line":36,"column":8}},"loc":{"start":{"line":36,"column":8},"end":{"line":53,"column":3}}}},"branchMap":{"0":{"loc":{"start":{"line":19,"column":4},"end":{"line":21,"column":5}},"type":"if","locations":[{"start":{"line":19,"column":4},"end":{"line":21,"column":5}},{"start":{},"end":{}}]}},"s":{"0":2,"1":2,"2":2,"3":7,"4":7,"5":7,"6":7,"7":3,"8":7,"9":3,"10":3,"11":3,"12":7,"13":2,"14":2,"15":2,"16":2,"17":15,"18":2},"f":{"0":7,"1":7,"2":3,"3":2,"4":15},"b":{"0":[3,4]}}
,"C:\\Users\\chiru\\Desktop\\Anu\\REACTJS\\Projects\\RSAPPProjects\\rsreactapp\\rsreactapp\\rs-react-app\\src\\SearchResults.tsx": {"path":"C:\\Users\\chiru\\Desktop\\Anu\\REACTJS\\Projects\\RSAPPProjects\\rsreactapp\\rsreactapp\\rs-react-app\\src\\SearchResults.tsx","statementMap":{"0":{"start":{"line":1,"column":0},"end":{"line":1,"column":34}},"1":{"start":{"line":15,"column":4},"end":{"line":15,"column":17}},"2":{"start":{"line":16,"column":4},"end":{"line":20,"column":6}},"3":{"start":{"line":24,"column":4},"end":{"line":24,"column":45}},"4":{"start":{"line":28,"column":4},"end":{"line":30,"column":5}},"5":{"start":{"line":29,"column":6},"end":{"line":29,"column":47}},"6":{"start":{"line":33,"column":14},"end":{"line":70,"column":3}},"7":{"start":{"line":34,"column":4},"end":{"line":34,"column":31}},"8":{"start":{"line":34,"column":24},"end":{"line":34,"column":31}},"9":{"start":{"line":36,"column":4},"end":{"line":36,"column":74}},"10":{"start":{"line":38,"column":16},"end":{"line":38,"column":90}},"11":{"start":{"line":40,"column":4},"end":{"line":69,"column":9}},"12":{"start":{"line":41,"column":26},"end":{"line":41,"column":41}},"13":{"start":{"line":43,"column":8},"end":{"line":60,"column":9}},"14":{"start":{"line":44,"column":26},"end":{"line":47,"column":13}},"15":{"start":{"line":44,"column":46},"end":{"line":47,"column":12}},"16":{"start":{"line":49,"column":10},"end":{"line":53,"column":13}},"17":{"start":{"line":55,"column":10},"end":{"line":59,"column":13}},"18":{"start":{"line":63,"column":8},"end":{"line":63,"column":45}},"19":{"start":{"line":64,"column":8},"end":{"line":68,"column":11}},"20":{"start":{"line":73,"column":53},"end":{"line":73,"column":63}},"21":{"start":{"line":75,"column":4},"end":{"line":100,"column":6}},"22":{"start":{"line":91,"column":16},"end":{"line":91,"column":null}},"23":{"start":{"line":104,"column":0},"end":{"line":104,"column":29}}},"fnMap":{"0":{"name":"(anonymous_0)","decl":{"start":{"line":14,"column":2},"end":{"line":14,"column":14}},"loc":{"start":{"line":14,"column":31},"end":{"line":21,"column":3}}},"1":{"name":"(anonymous_1)","decl":{"start":{"line":23,"column":2},"end":{"line":23,"column":19}},"loc":{"start":{"line":23,"column":19},"end":{"line":25,"column":3}}},"2":{"name":"(anonymous_2)","decl":{"start":{"line":27,"column":2},"end":{"line":27,"column":20}},"loc":{"start":{"line":27,"column":42},"end":{"line":31,"column":3}}},"3":{"name":"(anonymous_3)","decl":{"start":{"line":33,"column":14},"end":{"line":33,"column":15}},"loc":{"start":{"line":33,"column":40},"end":{"line":70,"column":3}}},"4":{"name":"(anonymous_4)","decl":{"start":{"line":41,"column":12},"end":{"line":41,"column":13}},"loc":{"start":{"line":41,"column":26},"end":{"line":41,"column":41}}},"5":{"name":"(anonymous_5)","decl":{"start":{"line":42,"column":12},"end":{"line":42,"column":13}},"loc":{"start":{"line":42,"column":21},"end":{"line":61,"column":7}}},"6":{"name":"(anonymous_6)","decl":{"start":{"line":44,"column":35},"end":{"line":44,"column":36}},"loc":{"start":{"line":44,"column":46},"end":{"line":47,"column":12}}},"7":{"name":"(anonymous_7)","decl":{"start":{"line":62,"column":13},"end":{"line":62,"column":14}},"loc":{"start":{"line":62,"column":23},"end":{"line":69,"column":7}}},"8":{"name":"(anonymous_8)","decl":{"start":{"line":72,"column":2},"end":{"line":72,"column":8}},"loc":{"start":{"line":72,"column":8},"end":{"line":101,"column":3}}},"9":{"name":"(anonymous_9)","decl":{"start":{"line":90,"column":33},"end":{"line":90,"column":34}},"loc":{"start":{"line":91,"column":16},"end":{"line":91,"column":null}}}},"branchMap":{"0":{"loc":{"start":{"line":28,"column":4},"end":{"line":30,"column":5}},"type":"if","locations":[{"start":{"line":28,"column":4},"end":{"line":30,"column":5}},{"start":{},"end":{}}]},"1":{"loc":{"start":{"line":34,"column":4},"end":{"line":34,"column":31}},"type":"if","locations":[{"start":{"line":34,"column":4},"end":{"line":34,"column":31}},{"start":{},"end":{}}]},"2":{"loc":{"start":{"line":43,"column":8},"end":{"line":60,"column":9}},"type":"if","locations":[{"start":{"line":43,"column":8},"end":{"line":60,"column":9}},{"start":{"line":54,"column":15},"end":{"line":60,"column":9}}]},"3":{"loc":{"start":{"line":43,"column":12},"end":{"line":43,"column":50}},"type":"binary-expr","locations":[{"start":{"line":43,"column":12},"end":{"line":43,"column":31}},{"start":{"line":43,"column":35},"end":{"line":43,"column":50}}]},"4":{"loc":{"start":{"line":77,"column":9},"end":{"line":77,"column":41}},"type":"binary-expr","locations":[{"start":{"line":77,"column":9},"end":{"line":77,"column":16}},{"start":{"line":77,"column":20},"end":{"line":77,"column":41}}]},"5":{"loc":{"start":{"line":79,"column":9},"end":{"line":79,"column":62}},"type":"binary-expr","locations":[{"start":{"line":79,"column":9},"end":{"line":79,"column":17}},{"start":{"line":79,"column":21},"end":{"line":79,"column":33}},{"start":{"line":79,"column":37},"end":{"line":79,"column":62}}]},"6":{"loc":{"start":{"line":81,"column":9},"end":{"line":97,"column":null}},"type":"binary-expr","locations":[{"start":{"line":81,"column":9},"end":{"line":81,"column":17}},{"start":{"line":81,"column":21},"end":{"line":81,"column":34}},{"start":{"line":81,"column":38},"end":{"line":81,"column":62}},{"start":{"line":82,"column":10},"end":{"line":96,"column":null}}]}},"s":{"0":3,"1":22,"2":22,"3":22,"4":41,"5":5,"6":22,"7":27,"8":7,"9":20,"10":20,"11":20,"12":18,"13":18,"14":4,"15":10,"16":4,"17":14,"18":2,"19":2,"20":63,"21":63,"22":10,"23":3},"f":{"0":22,"1":22,"2":41,"3":27,"4":18,"5":18,"6":10,"7":2,"8":63,"9":10},"b":{"0":[5,36],"1":[7,20],"2":[4,14],"3":[18,15],"4":[63,22],"5":[63,41,9],"6":[63,41,32,4]}}
,"C:\\Users\\chiru\\Desktop\\Anu\\REACTJS\\Projects\\RSAPPProjects\\rsreactapp\\rsreactapp\\rs-react-app\\src\\main.tsx": {"path":"C:\\Users\\chiru\\Desktop\\Anu\\REACTJS\\Projects\\RSAPPProjects\\rsreactapp\\rsreactapp\\rs-react-app\\src\\main.tsx","statementMap":{"0":{"start":{"line":1,"column":0},"end":{"line":1,"column":35}},"1":{"start":{"line":2,"column":0},"end":{"line":2,"column":46}},"2":{"start":{"line":3,"column":0},"end":{"line":3,"column":21}},"3":{"start":{"line":4,"column":0},"end":{"line":4,"column":24}},"4":{"start":{"line":6,"column":0},"end":{"line":10,"column":2}}},"fnMap":{},"branchMap":{},"s":{"0":0,"1":0,"2":0,"3":0,"4":0},"f":{},"b":{}}
,"C:\\Users\\chiru\\Desktop\\Anu\\REACTJS\\Projects\\RSAPPProjects\\rsreactapp\\rsreactapp\\rs-react-app\\src\\test-utils\\mockFetch.tsx": {"path":"C:\\Users\\chiru\\Desktop\\Anu\\REACTJS\\Projects\\RSAPPProjects\\rsreactapp\\rsreactapp\\rs-react-app\\src\\test-utils\\mockFetch.tsx","statementMap":{"0":{"start":{"line":1,"column":32},"end":{"line":5,"column":1}},"1":{"start":{"line":2,"column":2},"end":{"line":4,"column":17}},"2":{"start":{"line":3,"column":4},"end":{"line":3,"column":43}},"3":{"start":{"line":1,"column":13},"end":{"line":1,"column":32}},"4":{"start":{"line":7,"column":32},"end":{"line":13,"column":1}},"5":{"start":{"line":8,"column":2},"end":{"line":12,"column":17}},"6":{"start":{"line":9,"column":4},"end":{"line":11,"column":6}},"7":{"start":{"line":10,"column":18},"end":{"line":10,"column":39}},"8":{"start":{"line":7,"column":13},"end":{"line":7,"column":32}}},"fnMap":{"0":{"name":"(anonymous_0)","decl":{"start":{"line":1,"column":32},"end":{"line":1,"column":33}},"loc":{"start":{"line":1,"column":65},"end":{"line":5,"column":1}}},"1":{"name":"(anonymous_1)","decl":{"start":{"line":2,"column":29},"end":{"line":2,"column":32}},"loc":{"start":{"line":3,"column":4},"end":{"line":3,"column":43}}},"2":{"name":"(anonymous_2)","decl":{"start":{"line":7,"column":32},"end":{"line":7,"column":33}},"loc":{"start":{"line":7,"column":50},"end":{"line":13,"column":1}}},"3":{"name":"(anonymous_3)","decl":{"start":{"line":8,"column":29},"end":{"line":8,"column":32}},"loc":{"start":{"line":9,"column":4},"end":{"line":11,"column":6}}},"4":{"name":"(anonymous_4)","decl":{"start":{"line":10,"column":12},"end":{"line":10,"column":15}},"loc":{"start":{"line":10,"column":18},"end":{"line":10,"column":39}}}},"branchMap":{"0":{"loc":{"start":{"line":1,"column":33},"end":{"line":1,"column":61}},"type":"default-arg","locations":[{"start":{"line":1,"column":48},"end":{"line":1,"column":61}}]}},"s":{"0":3,"1":1,"2":1,"3":3,"4":3,"5":8,"6":12,"7":12,"8":3},"f":{"0":1,"1":1,"2":8,"3":12,"4":12},"b":{"0":[1]}}
,"C:\\Users\\chiru\\Desktop\\Anu\\REACTJS\\Projects\\RSAPPProjects\\rsreactapp\\rsreactapp\\rs-react-app\\src\\test-utils\\mockFetchPromise.tsx": {"path":"C:\\Users\\chiru\\Desktop\\Anu\\REACTJS\\Projects\\RSAPPProjects\\rsreactapp\\rsreactapp\\rs-react-app\\src\\test-utils\\mockFetchPromise.tsx","statementMap":{"0":{"start":{"line":1,"column":32},"end":{"line":14,"column":1}},"1":{"start":{"line":2,"column":2},"end":{"line":13,"column":4}},"2":{"start":{"line":4,"column":6},"end":{"line":11,"column":null}},"3":{"start":{"line":5,"column":8},"end":{"line":10,"column":null}},"4":{"start":{"line":7,"column":12},"end":{"line":9,"column":14}},"5":{"start":{"line":8,"column":26},"end":{"line":8,"column":47}},"6":{"start":{"line":1,"column":13},"end":{"line":1,"column":32}}},"fnMap":{"0":{"name":"(anonymous_0)","decl":{"start":{"line":1,"column":32},"end":{"line":1,"column":33}},"loc":{"start":{"line":1,"column":63},"end":{"line":14,"column":1}}},"1":{"name":"(anonymous_1)","decl":{"start":{"line":3,"column":4},"end":{"line":3,"column":7}},"loc":{"start":{"line":4,"column":6},"end":{"line":11,"column":null}}},"2":{"name":"(anonymous_2)","decl":{"start":{"line":4,"column":18},"end":{"line":4,"column":19}},"loc":{"start":{"line":5,"column":8},"end":{"line":10,"column":null}}},"3":{"name":"(anonymous_3)","decl":{"start":{"line":6,"column":10},"end":{"line":6,"column":13}},"loc":{"start":{"line":7,"column":12},"end":{"line":9,"column":14}}},"4":{"name":"(anonymous_4)","decl":{"start":{"line":8,"column":20},"end":{"line":8,"column":23}},"loc":{"start":{"line":8,"column":26},"end":{"line":8,"column":47}}}},"branchMap":{"0":{"loc":{"start":{"line":1,"column":48},"end":{"line":1,"column":59}},"type":"default-arg","locations":[{"start":{"line":1,"column":56},"end":{"line":1,"column":59}}]}},"s":{"0":2,"1":2,"2":0,"3":0,"4":0,"5":0,"6":2},"f":{"0":2,"1":0,"2":0,"3":0,"4":0},"b":{"0":[0]}}
}
