TN:
SF:src\App.tsx
FN:5,App
FNF:1
FNH:0
FNDA:0,App
DA:1,0
DA:2,0
DA:3,0
DA:6,0
DA:17,0
LF:5
LH:0
BRF:0
BRH:0
end_of_record
TN:
SF:src\ErrorBoundary.tsx
FN:10,(anonymous_0)
FN:14,(anonymous_1)
FN:17,(anonymous_2)
FN:20,(anonymous_3)
FN:26,(anonymous_4)
FNF:5
FNH:4
FNDA:7,(anonymous_0)
FNDA:6,(anonymous_1)
FNDA:3,(anonymous_2)
FNDA:12,(anonymous_3)
FNDA:0,(anonymous_4)
DA:1,1
DA:11,7
DA:12,6
DA:15,6
DA:18,3
DA:21,12
DA:22,6
DA:26,0
DA:30,6
DA:33,1
LF:10
LH:9
BRDA:21,0,0,6
BRDA:21,0,1,6
BRF:2
BRH:2
end_of_record
TN:
SF:src\Search.tsx
FN:10,(anonymous_1)
FN:17,(anonymous_2)
FN:23,(anonymous_3)
FN:29,(anonymous_4)
FN:36,(anonymous_5)
FNF:5
FNH:5
FNDA:7,(anonymous_1)
FNDA:7,(anonymous_2)
FNDA:3,(anonymous_3)
FNDA:2,(anonymous_4)
FNDA:15,(anonymous_5)
DA:1,2
DA:2,2
DA:3,2
DA:11,7
DA:12,7
DA:18,7
DA:19,7
DA:20,3
DA:23,7
DA:24,3
DA:25,3
DA:26,3
DA:29,7
DA:30,2
DA:31,2
DA:32,2
DA:33,2
DA:37,15
DA:56,2
LF:19
LH:19
BRDA:19,0,0,3
BRDA:19,0,1,4
BRF:2
BRH:2
end_of_record
TN:
SF:src\SearchResults.tsx
FN:14,(anonymous_0)
FN:23,(anonymous_1)
FN:27,(anonymous_2)
FN:33,(anonymous_3)
FN:41,(anonymous_4)
FN:42,(anonymous_5)
FN:44,(anonymous_6)
FN:62,(anonymous_7)
FN:72,(anonymous_8)
FN:90,(anonymous_9)
FNF:10
FNH:10
FNDA:22,(anonymous_0)
FNDA:22,(anonymous_1)
FNDA:41,(anonymous_2)
FNDA:27,(anonymous_3)
FNDA:18,(anonymous_4)
FNDA:18,(anonymous_5)
FNDA:10,(anonymous_6)
FNDA:2,(anonymous_7)
FNDA:63,(anonymous_8)
FNDA:10,(anonymous_9)
DA:1,3
DA:15,22
DA:16,22
DA:24,22
DA:28,41
DA:29,5
DA:33,22
DA:34,27
DA:36,20
DA:38,20
DA:40,20
DA:41,18
DA:43,18
DA:44,10
DA:49,4
DA:55,14
DA:63,2
DA:64,2
DA:73,63
DA:75,63
DA:91,10
DA:104,3
LF:22
LH:22
BRDA:28,0,0,5
BRDA:28,0,1,36
BRDA:34,1,0,7
BRDA:34,1,1,20
BRDA:43,2,0,4
BRDA:43,2,1,14
BRDA:43,3,0,18
BRDA:43,3,1,15
BRDA:77,4,0,63
BRDA:77,4,1,22
BRDA:79,5,0,63
BRDA:79,5,1,41
BRDA:79,5,2,9
BRDA:81,6,0,63
BRDA:81,6,1,41
BRDA:81,6,2,32
BRDA:81,6,3,4
BRF:17
BRH:17
end_of_record
TN:
SF:src\main.tsx
FNF:0
FNH:0
DA:1,0
DA:2,0
DA:3,0
DA:4,0
DA:6,0
LF:5
LH:0
BRF:0
BRH:0
end_of_record
TN:
SF:src\test-utils\mockFetch.tsx
FN:1,(anonymous_0)
FN:2,(anonymous_1)
FN:7,(anonymous_2)
FN:8,(anonymous_3)
FN:10,(anonymous_4)
FNF:5
FNH:5
FNDA:1,(anonymous_0)
FNDA:1,(anonymous_1)
FNDA:8,(anonymous_2)
FNDA:12,(anonymous_3)
FNDA:12,(anonymous_4)
DA:1,3
DA:2,1
DA:3,1
DA:7,3
DA:8,8
DA:9,12
DA:10,12
LF:7
LH:7
BRDA:1,0,0,1
BRF:1
BRH:1
end_of_record
TN:
SF:src\test-utils\mockFetchPromise.tsx
FN:1,(anonymous_0)
FN:3,(anonymous_1)
FN:4,(anonymous_2)
FN:6,(anonymous_3)
FN:8,(anonymous_4)
FNF:5
FNH:1
FNDA:2,(anonymous_0)
FNDA:0,(anonymous_1)
FNDA:0,(anonymous_2)
FNDA:0,(anonymous_3)
FNDA:0,(anonymous_4)
DA:1,2
DA:2,2
DA:4,0
DA:5,0
DA:7,0
DA:8,0
LF:6
LH:2
BRDA:1,0,0,0
BRF:1
BRH:0
end_of_record
